mode: set
cookie/internal/service/indentify.go:11.74,14.16 3 1
cookie/internal/service/indentify.go:14.16,16.3 1 1
cookie/internal/service/indentify.go:18.2,18.24 1 1
cookie/internal/service/indentify.go:21.89,23.16 2 1
cookie/internal/service/indentify.go:23.16,25.3 1 1
cookie/internal/service/indentify.go:27.2,28.16 2 1
cookie/internal/service/indentify.go:28.16,30.3 1 1
cookie/internal/service/indentify.go:32.2,33.34 2 1
cookie/internal/service/indentify.go:33.34,36.3 2 1
cookie/internal/service/indentify.go:38.2,40.42 3 1
cookie/internal/service/indentify.go:40.42,42.23 2 1
cookie/internal/service/indentify.go:42.23,45.4 2 1
cookie/internal/service/indentify.go:45.9,45.31 1 1
cookie/internal/service/indentify.go:45.31,47.4 1 1
cookie/internal/service/indentify.go:50.2,50.31 1 1
cookie/internal/service/service.go:26.41,27.18 1 1
cookie/internal/service/service.go:27.18,29.3 1 1
cookie/internal/service/service.go:30.2,32.8 1 1
cookie/internal/input/helpers.go:9.53,11.21 2 1
cookie/internal/input/helpers.go:11.21,13.3 1 1
cookie/internal/input/helpers.go:14.2,14.43 1 1
cookie/internal/input/input.go:6.28,9.2 1 1
cookie/internal/input/search.go:14.95,16.16 2 1
cookie/internal/input/search.go:16.16,18.3 1 1
cookie/internal/input/search.go:19.2,21.47 2 1
cookie/internal/input/search.go:25.77,29.18 3 1
cookie/internal/input/search.go:29.18,32.17 3 1
cookie/internal/input/search.go:32.17,34.4 1 1
cookie/internal/input/search.go:36.3,36.66 1 1
cookie/internal/input/search.go:36.66,39.4 2 1
cookie/internal/input/search.go:39.9,39.40 1 1
cookie/internal/input/search.go:39.40,41.4 1 1
cookie/internal/input/search.go:41.9,43.4 1 1
cookie/internal/input/search.go:45.2,45.15 1 1
cookie/internal/input/search.go:49.76,53.18 3 1
cookie/internal/input/search.go:53.18,56.17 3 1
cookie/internal/input/search.go:56.17,58.4 1 1
cookie/internal/input/search.go:60.3,60.66 1 1
cookie/internal/input/search.go:60.66,63.4 2 1
cookie/internal/input/search.go:63.9,63.40 1 1
cookie/internal/input/search.go:63.40,65.4 1 1
cookie/internal/input/search.go:65.9,67.4 1 1
cookie/internal/input/search.go:69.2,69.15 1 1
cookie/internal/input/search.go:73.91,76.21 3 1
cookie/internal/input/search.go:76.21,79.3 2 1
cookie/internal/input/search.go:81.2,81.20 1 1
cookie/internal/input/search.go:81.20,83.3 1 1
cookie/internal/input/search.go:85.2,87.15 3 1
cookie/internal/input/search.go:87.15,89.3 1 1
cookie/internal/input/search.go:91.2,91.33 1 1
